0 info it worked if it ends with ok
1 verbose cli [ '/usr/local/bin/node',
1 verbose cli   '/usr/local/bin/npm',
1 verbose cli   'version',
1 verbose cli   'patch' ]
2 info using npm@3.3.12
3 info using node@v4.2.1
4 info git [ 'status', '--porcelain' ]
5 verbose stack Error: Git working directory not clean.
5 verbose stack M app.js
5 verbose stack D node_modules/ansi-escapes/index.js
5 verbose stack D node_modules/ansi-escapes/license
5 verbose stack D node_modules/ansi-escapes/package.json
5 verbose stack D node_modules/ansi-escapes/readme.md
5 verbose stack D node_modules/ansi-regex/index.js
5 verbose stack D node_modules/ansi-regex/license
5 verbose stack D node_modules/ansi-regex/package.json
5 verbose stack D node_modules/ansi-regex/readme.md
5 verbose stack D node_modules/ansi-styles/index.js
5 verbose stack D node_modules/ansi-styles/license
5 verbose stack D node_modules/ansi-styles/package.json
5 verbose stack D node_modules/ansi-styles/readme.md
5 verbose stack D node_modules/chalk/index.js
5 verbose stack D node_modules/chalk/license
5 verbose stack D node_modules/chalk/package.json
5 verbose stack D node_modules/chalk/readme.md
5 verbose stack D node_modules/cli-cursor/index.js
5 verbose stack D node_modules/cli-cursor/license
5 verbose stack D node_modules/cli-cursor/package.json
5 verbose stack D node_modules/cli-cursor/readme.md
5 verbose stack D node_modules/cli-width/.npmignore
5 verbose stack D node_modules/cli-width/LICENSE
5 verbose stack D node_modules/cli-width/README.md
5 verbose stack D node_modules/cli-width/index.js
5 verbose stack D node_modules/cli-width/package.json
5 verbose stack D node_modules/cli-width/test/index.js
5 verbose stack D node_modules/code-point-at/index.js
5 verbose stack D node_modules/code-point-at/license
5 verbose stack D node_modules/code-point-at/package.json
5 verbose stack D node_modules/code-point-at/readme.md
5 verbose stack D node_modules/escape-string-regexp/index.js
5 verbose stack D node_modules/escape-string-regexp/license
5 verbose stack D node_modules/escape-string-regexp/package.json
5 verbose stack D node_modules/escape-string-regexp/readme.md
5 verbose stack D node_modules/exit-hook/index.js
5 verbose stack D node_modules/exit-hook/package.json
5 verbose stack D node_modules/exit-hook/readme.md
5 verbose stack D node_modules/figures/index.js
5 verbose stack D node_modules/figures/license
5 verbose stack D node_modules/figures/package.json
5 verbose stack D node_modules/figures/readme.md
5 verbose stack D node_modules/has-ansi/index.js
5 verbose stack D node_modules/has-ansi/license
5 verbose stack D node_modules/has-ansi/package.json
5 verbose stack D node_modules/has-ansi/readme.md
5 verbose stack D node_modules/inquirer/README.md
5 verbose stack D node_modules/inquirer/lib/inquirer.js
5 verbose stack D node_modules/inquirer/lib/objects/choice.js
5 verbose stack D node_modules/inquirer/lib/objects/choices.js
5 verbose stack D node_modules/inquirer/lib/objects/separator.js
5 verbose stack D node_modules/inquirer/lib/prompts/base.js
5 verbose stack D node_modules/inquirer/lib/prompts/checkbox.js
5 verbose stack D node_modules/inquirer/lib/prompts/confirm.js
5 verbose stack D node_modules/inquirer/lib/prompts/expand.js
5 verbose stack D node_modules/inquirer/lib/prompts/input.js
5 verbose stack D node_modules/inquirer/lib/prompts/list.js
5 verbose stack D node_modules/inquirer/lib/prompts/password.js
5 verbose stack D node_modules/inquirer/lib/prompts/rawlist.js
5 verbose stack D node_modules/inquirer/lib/ui/baseUI.js
5 verbose stack D node_modules/inquirer/lib/ui/bottom-bar.js
5 verbose stack D node_modules/inquirer/lib/ui/prompt.js
5 verbose stack D node_modules/inquirer/lib/utils/events.js
5 verbose stack D node_modules/inquirer/lib/utils/paginator.js
5 verbose stack D node_modules/inquirer/lib/utils/readline.js
5 verbose stack D node_modules/inquirer/lib/utils/screen-manager.js
5 verbose stack D node_modules/inquirer/lib/utils/utils.js
5 verbose stack D node_modules/inquirer/package.json
5 verbose stack D node_modules/is-fullwidth-code-point/index.js
5 verbose stack D node_modules/is-fullwidth-code-point/license
5 verbose stack D node_modules/is-fullwidth-code-point/package.json
5 verbose stack D node_modules/is-fullwidth-code-point/readme.md
5 verbose stack D node_modules/lodash/LICENSE
5 verbose stack D node_modules/lodash/README.md
5 verbose stack D node_modules/lodash/array.js
5 verbose stack D node_modules/lodash/array/chunk.js
5 verbose stack D node_modules/lodash/array/compact.js
5 verbose stack D node_modules/lodash/array/difference.js
5 verbose stack D node_modules/lodash/array/drop.js
5 verbose stack D node_modules/lodash/array/dropRight.js
5 verbose stack D node_modules/lodash/array/dropRightWhile.js
5 verbose stack D node_modules/lodash/array/dropWhile.js
5 verbose stack D node_modules/lodash/array/fill.js
5 verbose stack D node_modules/lodash/array/findIndex.js
5 verbose stack D node_modules/lodash/array/findLastIndex.js
5 verbose stack D node_modules/lodash/array/first.js
5 verbose stack D node_modules/lodash/array/flatten.js
5 verbose stack D node_modules/lodash/array/flattenDeep.js
5 verbose stack D node_modules/lodash/array/head.js
5 verbose stack D node_modules/lodash/array/indexOf.js
5 verbose stack D node_modules/lodash/array/initial.js
5 verbose stack D node_modules/lodash/array/intersection.js
5 verbose stack D node_modules/lodash/array/last.js
5 verbose stack D node_modules/lodash/array/lastIndexOf.js
5 verbose stack D node_modules/lodash/array/object.js
5 verbose stack D node_modules/lodash/array/pull.js
5 verbose stack D node_modules/lodash/array/pullAt.js
5 verbose stack D node_modules/lodash/array/remove.js
5 verbose stack D node_modules/lodash/array/rest.js
5 verbose stack D node_modules/lodash/array/slice.js
5 verbose stack D node_modules/lodash/array/sortedIndex.js
5 verbose stack D node_modules/lodash/array/sortedLastIndex.js
5 verbose stack D node_modules/lodash/array/tail.js
5 verbose stack D node_modules/lodash/array/take.js
5 verbose stack D node_modules/lodash/array/takeRight.js
5 verbose stack D node_modules/lodash/array/takeRightWhile.js
5 verbose stack D node_modules/lodash/array/takeWhile.js
5 verbose stack D node_modules/lodash/array/union.js
5 verbose stack D node_modules/lodash/array/uniq.js
5 verbose stack D node_modules/lodash/array/unique.js
5 verbose stack D node_modules/lodash/array/unzip.js
5 verbose stack D node_modules/lodash/array/unzipWith.js
5 verbose stack D node_modules/lodash/array/without.js
5 verbose stack D node_modules/lodash/array/xor.js
5 verbose stack D node_modules/lodash/array/zip.js
5 verbose stack D node_modules/lodash/array/zipObject.js
5 verbose stack D node_modules/lodash/array/zipWith.js
5 verbose stack D node_modules/lodash/chain.js
5 verbose stack D node_modules/lodash/chain/chain.js
5 verbose stack D node_modules/lodash/chain/commit.js
5 verbose stack D node_modules/lodash/chain/concat.js
5 verbose stack D node_modules/lodash/chain/lodash.js
5 verbose stack D node_modules/lodash/chain/plant.js
5 verbose stack D node_modules/lodash/chain/reverse.js
5 verbose stack D node_modules/lodash/chain/run.js
5 verbose stack D node_modules/lodash/chain/tap.js
5 verbose stack D node_modules/lodash/chain/thru.js
5 verbose stack D node_modules/lodash/chain/toJSON.js
5 verbose stack D node_modules/lodash/chain/toString.js
5 verbose stack D node_modules/lodash/chain/value.js
5 verbose stack D node_modules/lodash/chain/valueOf.js
5 verbose stack D node_modules/lodash/chain/wrapperChain.js
5 verbose stack D node_modules/lodash/chain/wrapperCommit.js
5 verbose stack D node_modules/lodash/chain/wrapperConcat.js
5 verbose stack D node_modules/lodash/chain/wrapperPlant.js
5 verbose stack D node_modules/lodash/chain/wrapperReverse.js
5 verbose stack D node_modules/lodash/chain/wrapperToString.js
5 verbose stack D node_modules/lodash/chain/wrapperValue.js
5 verbose stack D node_modules/lodash/collection.js
5 verbose stack D node_modules/lodash/collection/all.js
5 verbose stack D node_modules/lodash/collection/any.js
5 verbose stack D node_modules/lodash/collection/at.js
5 verbose stack D node_modules/lodash/collection/collect.js
5 verbose stack D node_modules/lodash/collection/contains.js
5 verbose stack D node_modules/lodash/collection/countBy.js
5 verbose stack D node_modules/lodash/collection/detect.js
5 verbose stack D node_modules/lodash/collection/each.js
5 verbose stack D node_modules/lodash/collection/eachRight.js
5 verbose stack D node_modules/lodash/collection/every.js
5 verbose stack D node_modules/lodash/collection/filter.js
5 verbose stack D node_modules/lodash/collection/find.js
5 verbose stack D node_modules/lodash/collection/findLast.js
5 verbose stack D node_modules/lodash/collection/findWhere.js
5 verbose stack D node_modules/lodash/collection/foldl.js
5 verbose stack D node_modules/lodash/collection/foldr.js
5 verbose stack D node_modules/lodash/collection/forEach.js
5 verbose stack D node_modules/lodash/collection/forEachRight.js
5 verbose stack D node_modules/lodash/collection/groupBy.js
5 verbose stack D node_modules/lodash/collection/include.js
5 verbose stack D node_modules/lodash/collection/includes.js
5 verbose stack D node_modules/lodash/collection/indexBy.js
5 verbose stack D node_modules/lodash/collection/inject.js
5 verbose stack D node_modules/lodash/collection/invoke.js
5 verbose stack D node_modules/lodash/collection/map.js
5 verbose stack D node_modules/lodash/collection/max.js
5 verbose stack D node_modules/lodash/collection/min.js
5 verbose stack D node_modules/lodash/collection/partition.js
5 verbose stack D node_modules/lodash/collection/pluck.js
5 verbose stack D node_modules/lodash/collection/reduce.js
5 verbose stack D node_modules/lodash/collection/reduceRight.js
5 verbose stack D node_modules/lodash/collection/reject.js
5 verbose stack D node_modules/lodash/collection/sample.js
5 verbose stack D node_modules/lodash/collection/select.js
5 verbose stack D node_modules/lodash/collection/shuffle.js
5 verbose stack D node_modules/lodash/collection/size.js
5 verbose stack D node_modules/lodash/collection/some.js
5 verbose stack D node_modules/lodash/collection/sortBy.js
5 verbose stack D node_modules/lodash/collection/sortByAll.js
5 verbose stack D node_modules/lodash/collection/sortByOrder.js
5 verbose stack D node_modules/lodash/collection/sum.js
5 verbose stack D node_modules/lodash/collection/where.js
5 verbose stack D node_modules/lodash/date.js
5 verbose stack D node_modules/lodash/date/now.js
5 verbose stack D node_modules/lodash/function.js
5 verbose stack D node_modules/lodash/function/after.js
5 verbose stack D node_modules/lodash/function/ary.js
5 verbose stack D node_modules/lodash/function/backflow.js
5 verbose stack D node_modules/lodash/function/before.js
5 verbose stack D node_modules/lodash/function/bind.js
5 verbose stack D node_modules/lodash/function/bindAll.js
5 verbose stack D node_modules/lodash/function/bindKey.js
5 verbose stack D node_modules/lodash/function/compose.js
5 verbose stack D node_modules/lodash/function/curry.js
5 verbose stack D node_modules/lodash/function/curryRight.js
5 verbose stack D node_modules/lodash/function/debounce.js
5 verbose stack D node_modules/lodash/function/defer.js
5 verbose stack D node_modules/lodash/function/delay.js
5 verbose stack D node_modules/lodash/function/flow.js
5 verbose stack D node_modules/lodash/function/flowRight.js
5 verbose stack D node_modules/lodash/function/memoize.js
5 verbose stack D node_modules/lodash/function/modArgs.js
5 verbose stack D node_modules/lodash/function/negate.js
5 verbose stack D node_modules/lodash/function/once.js
5 verbose stack D node_modules/lodash/function/partial.js
5 verbose stack D node_modules/lodash/function/partialRight.js
5 verbose stack D node_modules/lodash/function/rearg.js
5 verbose stack D node_modules/lodash/function/restParam.js
5 verbose stack D node_modules/lodash/function/spread.js
5 verbose stack D node_modules/lodash/function/throttle.js
5 verbose stack D node_modules/lodash/function/wrap.js
5 verbose stack D node_modules/lodash/index.js
5 verbose stack D node_modules/lodash/internal/LazyWrapper.js
5 verbose stack D node_modules/lodash/internal/LodashWrapper.js
5 verbose stack D node_modules/lodash/internal/MapCache.js
5 verbose stack D node_modules/lodash/internal/SetCache.js
5 verbose stack D node_modules/lodash/internal/arrayConcat.js
5 verbose stack D node_modules/lodash/internal/arrayCopy.js
5 verbose stack D node_modules/lodash/internal/arrayEach.js
5 verbose stack D node_modules/lodash/internal/arrayEachRight.js
5 verbose stack D node_modules/lodash/internal/arrayEvery.js
5 verbose stack D node_modules/lodash/internal/arrayExtremum.js
5 verbose stack D node_modules/lodash/internal/arrayFilter.js
5 verbose stack D node_modules/lodash/internal/arrayMap.js
5 verbose stack D node_modules/lodash/internal/arrayPush.js
5 verbose stack D node_modules/lodash/internal/arrayReduce.js
5 verbose stack D node_modules/lodash/internal/arrayReduceRight.js
5 verbose stack D node_modules/lodash/internal/arraySome.js
5 verbose stack D node_modules/lodash/internal/arraySum.js
5 verbose stack D node_modules/lodash/internal/assignDefaults.js
5 verbose stack D node_modules/lodash/internal/assignOwnDefaults.js
5 verbose stack D node_modules/lodash/internal/assignWith.js
5 verbose stack D node_modules/lodash/internal/baseAssign.js
5 verbose stack D node_modules/lodash/internal/baseAt.js
5 verbose stack D node_modules/lodash/internal/baseCallback.js
5 verbose stack D node_modules/lodash/internal/baseClone.js
5 verbose stack D node_modules/lodash/internal/baseCompareAscending.js
5 verbose stack D node_modules/lodash/internal/baseCopy.js
5 verbose stack D node_modules/lodash/internal/baseCreate.js
5 verbose stack D node_modules/lodash/internal/baseDelay.js
5 verbose stack D node_modules/lodash/internal/baseDifference.js
5 verbose stack D node_modules/lodash/internal/baseEach.js
5 verbose stack D node_modules/lodash/internal/baseEachRight.js
5 verbose stack D node_modules/lodash/internal/baseEvery.js
5 verbose stack D node_modules/lodash/internal/baseExtremum.js
5 verbose stack D node_modules/lodash/internal/baseFill.js
5 verbose stack D node_modules/lodash/internal/baseFilter.js
5 verbose stack D node_modules/lodash/internal/baseFind.js
5 verbose stack D node_modules/lodash/internal/baseFindIndex.js
5 verbose stack D node_modules/lodash/internal/baseFlatten.js
5 verbose stack D node_modules/lodash/internal/baseFor.js
5 verbose stack D node_modules/lodash/internal/baseForIn.js
5 verbose stack D node_modules/lodash/internal/baseForOwn.js
5 verbose stack D node_modules/lodash/internal/baseForOwnRight.js
5 verbose stack D node_modules/lodash/internal/baseForRight.js
5 verbose stack D node_modules/lodash/internal/baseFunctions.js
5 verbose stack D node_modules/lodash/internal/baseGet.js
5 verbose stack D node_modules/lodash/internal/baseIndexOf.js
5 verbose stack D node_modules/lodash/internal/baseIsEqual.js
5 verbose stack D node_modules/lodash/internal/baseIsEqualDeep.js
5 verbose stack D node_modules/lodash/internal/baseIsFunction.js
5 verbose stack D node_modules/lodash/internal/baseIsMatch.js
5 verbose stack D node_modules/lodash/internal/baseLodash.js
5 verbose stack D node_modules/lodash/internal/baseMap.js
5 verbose stack D node_modules/lodash/internal/baseMatches.js
5 verbose stack D node_modules/lodash/internal/baseMatchesProperty.js
5 verbose stack D node_modules/lodash/internal/baseMerge.js
5 verbose stack D node_modules/lodash/internal/baseMergeDeep.js
5 verbose stack D node_modules/lodash/internal/baseProperty.js
5 verbose stack D node_modules/lodash/internal/basePropertyDeep.js
5 verbose stack D node_modules/lodash/internal/basePullAt.js
5 verbose stack D node_modules/lodash/internal/baseRandom.js
5 verbose stack D node_modules/lodash/internal/baseReduce.js
5 verbose stack D node_modules/lodash/internal/baseSetData.js
5 verbose stack D node_modules/lodash/internal/baseSlice.js
5 verbose stack D node_modules/lodash/internal/baseSome.js
5 verbose stack D node_modules/lodash/internal/baseSortBy.js
5 verbose stack D node_modules/lodash/internal/baseSortByOrder.js
5 verbose stack D node_modules/lodash/internal/baseSum.js
5 verbose stack D node_modules/lodash/internal/baseToString.js
5 verbose stack D node_modules/lodash/internal/baseUniq.js
5 verbose stack D node_modules/lodash/internal/baseValues.js
5 verbose stack D node_modules/lodash/internal/baseWhile.js
5 verbose stack D node_modules/lodash/internal/baseWrapperValue.js
5 verbose stack D node_modules/lodash/internal/binaryIndex.js
5 verbose stack D node_modules/lodash/internal/binaryIndexBy.js
5 verbose stack D node_modules/lodash/internal/bindCallback.js
5 verbose stack D node_modules/lodash/internal/bufferClone.js
5 verbose stack D node_modules/lodash/internal/cacheIndexOf.js
5 verbose stack D node_modules/lodash/internal/cachePush.js
5 verbose stack D node_modules/lodash/internal/charsLeftIndex.js
5 verbose stack D node_modules/lodash/internal/charsRightIndex.js
5 verbose stack D node_modules/lodash/internal/compareAscending.js
5 verbose stack D node_modules/lodash/internal/compareMultiple.js
5 verbose stack D node_modules/lodash/internal/composeArgs.js
5 verbose stack D node_modules/lodash/internal/composeArgsRight.js
5 verbose stack D node_modules/lodash/internal/createAggregator.js
5 verbose stack D node_modules/lodash/internal/createAssigner.js
5 verbose stack D node_modules/lodash/internal/createBaseEach.js
5 verbose stack D node_modules/lodash/internal/createBaseFor.js
5 verbose stack D node_modules/lodash/internal/createBindWrapper.js
5 verbose stack D node_modules/lodash/internal/createCache.js
5 verbose stack D node_modules/lodash/internal/createCompounder.js
5 verbose stack D node_modules/lodash/internal/createCtorWrapper.js
5 verbose stack D node_modules/lodash/internal/createCurry.js
5 verbose stack D node_modules/lodash/internal/createDefaults.js
5 verbose stack D node_modules/lodash/internal/createExtremum.js
5 verbose stack D node_modules/lodash/internal/createFind.js
5 verbose stack D node_modules/lodash/internal/createFindIndex.js
5 verbose stack D node_modules/lodash/internal/createFindKey.js
5 verbose stack D node_modules/lodash/internal/createFlow.js
5 verbose stack D node_modules/lodash/internal/createForEach.js
5 verbose stack D node_modules/lodash/internal/createForIn.js
5 verbose stack D node_modules/lodash/internal/createForOwn.js
5 verbose stack D node_modules/lodash/internal/createHybridWrapper.js
5 verbose stack D node_modules/lodash/internal/createObjectMapper.js
5 verbose stack D node_modules/lodash/internal/createPadDir.js
5 verbose stack D node_modules/lodash/internal/createPadding.js
5 verbose stack D node_modules/lodash/internal/createPartial.js
5 verbose stack D node_modules/lodash/internal/createPartialWrapper.js
5 verbose stack D node_modules/lodash/internal/createReduce.js
5 verbose stack D node_modules/lodash/internal/createRound.js
5 verbose stack D node_modules/lodash/internal/createSortedIndex.js
5 verbose stack D node_modules/lodash/internal/createWrapper.js
5 verbose stack D node_modules/lodash/internal/deburrLetter.js
5 verbose stack D node_modules/lodash/internal/equalArrays.js
5 verbose stack D node_modules/lodash/internal/equalByTag.js
5 verbose stack D node_modules/lodash/internal/equalObjects.js
5 verbose stack D node_modules/lodash/internal/escapeHtmlChar.js
5 verbose stack D node_modules/lodash/internal/escapeRegExpChar.js
5 verbose stack D node_modules/lodash/internal/escapeStringChar.js
5 verbose stack D node_modules/lodash/internal/getData.js
5 verbose stack D node_modules/lodash/internal/getFuncName.js
5 verbose stack D node_modules/lodash/internal/getLength.js
5 verbose stack D node_modules/lodash/internal/getMatchData.js
5 verbose stack D node_modules/lodash/internal/getNative.js
5 verbose stack D node_modules/lodash/internal/getView.js
5 verbose stack D node_modules/lodash/internal/indexOfNaN.js
5 verbose stack D node_modules/lodash/internal/initCloneArray.js
5 verbose stack D node_modules/lodash/internal/initCloneByTag.js
5 verbose stack D node_modules/lodash/internal/initCloneObject.js
5 verbose stack D node_modules/lodash/internal/invokePath.js
5 verbose stack D node_modules/lodash/internal/isArrayLike.js
5 verbose stack D node_modules/lodash/internal/isIndex.js
5 verbose stack D node_modules/lodash/internal/isIterateeCall.js
5 verbose stack D node_modules/lodash/internal/isKey.js
5 verbose stack D node_modules/lodash/internal/isLaziable.js
5 verbose stack D node_modules/lodash/internal/isLength.js
5 verbose stack D node_modules/lodash/internal/isObjectLike.js
5 verbose stack D node_modules/lodash/internal/isSpace.js
5 verbose stack D node_modules/lodash/internal/isStrictComparable.js
5 verbose stack D node_modules/lodash/internal/lazyClone.js
5 verbose stack D node_modules/lodash/internal/lazyReverse.js
5 verbose stack D node_modules/lodash/internal/lazyValue.js
5 verbose stack D node_modules/lodash/internal/mapDelete.js
5 verbose stack D node_modules/lodash/internal/mapGet.js
5 verbose stack D node_modules/lodash/internal/mapHas.js
5 verbose stack D node_modules/lodash/internal/mapSet.js
5 verbose stack D node_modules/lodash/internal/mergeData.js
5 verbose stack D node_modules/lodash/internal/mergeDefaults.js
5 verbose stack D node_modules/lodash/internal/metaMap.js
5 verbose stack D node_modules/lodash/internal/pickByArray.js
5 verbose stack D node_modules/lodash/internal/pickByCallback.js
5 verbose stack D node_modules/lodash/internal/reEscape.js
5 verbose stack D node_modules/lodash/internal/reEvaluate.js
5 verbose stack D node_modules/lodash/internal/reInterpolate.js
5 verbose stack D node_modules/lodash/internal/realNames.js
5 verbose stack D node_modules/lodash/internal/reorder.js
5 verbose stack D node_modules/lodash/internal/replaceHolders.js
5 verbose stack D node_modules/lodash/internal/setData.js
5 verbose stack D node_modules/lodash/internal/shimKeys.js
5 verbose stack D node_modules/lodash/internal/sortedUniq.js
5 verbose stack D node_modules/lodash/internal/toIterable.js
5 verbose stack D node_modules/lodash/internal/toObject.js
5 verbose stack D node_modules/lodash/internal/toPath.js
5 verbose stack D node_modules/lodash/internal/trimmedLeftIndex.js
5 verbose stack D node_modules/lodash/internal/trimmedRightIndex.js
5 verbose stack D node_modules/lodash/internal/unescapeHtmlChar.js
5 verbose stack D node_modules/lodash/internal/wrapperClone.js
5 verbose stack D node_modules/lodash/lang.js
5 verbose stack D node_modules/lodash/lang/clone.js
5 verbose stack D node_modules/lodash/lang/cloneDeep.js
5 verbose stack D node_modules/lodash/lang/eq.js
5 verbose stack D node_modules/lodash/lang/gt.js
5 verbose stack D node_modules/lodash/lang/gte.js
5 verbose stack D node_modules/lodash/lang/isArguments.js
5 verbose stack D node_modules/lodash/lang/isArray.js
5 verbose stack D node_modules/lodash/lang/isBoolean.js
5 verbose stack D node_modules/lodash/lang/isDate.js
5 verbose stack D node_modules/lodash/lang/isElement.js
5 verbose stack D node_modules/lodash/lang/isEmpty.js
5 verbose stack D node_modules/lodash/lang/isEqual.js
5 verbose stack D node_modules/lodash/lang/isError.js
5 verbose stack D node_modules/lodash/lang/isFinite.js
5 verbose stack D node_modules/lodash/lang/isFunction.js
5 verbose stack D node_modules/lodash/lang/isMatch.js
5 verbose stack D node_modules/lodash/lang/isNaN.js
5 verbose stack D node_modules/lodash/lang/isNative.js
5 verbose stack D node_modules/lodash/lang/isNull.js
5 verbose stack D node_modules/lodash/lang/isNumber.js
5 verbose stack D node_modules/lodash/lang/isObject.js
5 verbose stack D node_modules/lodash/lang/isPlainObject.js
5 verbose stack D node_modules/lodash/lang/isRegExp.js
5 verbose stack D node_modules/lodash/lang/isString.js
5 verbose stack D node_modules/lodash/lang/isTypedArray.js
5 verbose stack D node_modules/lodash/lang/isUndefined.js
5 verbose stack D node_modules/lodash/lang/lt.js
5 verbose stack D node_modules/lodash/lang/lte.js
5 verbose stack D node_modules/lodash/lang/toArray.js
5 verbose stack D node_modules/lodash/lang/toPlainObject.js
5 verbose stack D node_modules/lodash/math.js
5 verbose stack D node_modules/lodash/math/add.js
5 verbose stack D node_modules/lodash/math/ceil.js
5 verbose stack D node_modules/lodash/math/floor.js
5 verbose stack D node_modules/lodash/math/max.js
5 verbose stack D node_modules/lodash/math/min.js
5 verbose stack D node_modules/lodash/math/round.js
5 verbose stack D node_modules/lodash/math/sum.js
5 verbose stack D node_modules/lodash/number.js
5 verbose stack D node_modules/lodash/number/inRange.js
5 verbose stack D node_modules/lodash/number/random.js
5 verbose stack D node_modules/lodash/object.js
5 verbose stack D node_modules/lodash/object/assign.js
5 verbose stack D node_modules/lodash/object/create.js
5 verbose stack D node_modules/lodash/object/defaults.js
5 verbose stack D node_modules/lodash/object/defaultsDeep.js
5 verbose stack D node_modules/lodash/object/extend.js
5 verbose stack D node_modules/lodash/object/findKey.js
5 verbose stack D node_modules/lodash/object/findLastKey.js
5 verbose stack D node_modules/lodash/object/forIn.js
5 verbose stack D node_modules/lodash/object/forInRight.js
5 verbose stack D node_modules/lodash/object/forOwn.js
5 verbose stack D node_modules/lodash/object/forOwnRight.js
5 verbose stack D node_modules/lodash/object/functions.js
5 verbose stack D node_modules/lodash/object/get.js
5 verbose stack D node_modules/lodash/object/has.js
5 verbose stack D node_modules/lodash/object/invert.js
5 verbose stack D node_modules/lodash/object/keys.js
5 verbose stack D node_modules/lodash/object/keysIn.js
5 verbose stack D node_modules/lodash/object/mapKeys.js
5 verbose stack D node_modules/lodash/object/mapValues.js
5 verbose stack D node_modules/lodash/object/merge.js
5 verbose stack D node_modules/lodash/object/methods.js
5 verbose stack D node_modules/lodash/object/omit.js
5 verbose stack D node_modules/lodash/object/pairs.js
5 verbose stack D node_modules/lodash/object/pick.js
5 verbose stack D node_modules/lodash/object/result.js
5 verbose stack D node_modules/lodash/object/set.js
5 verbose stack D node_modules/lodash/object/transform.js
5 verbose stack D node_modules/lodash/object/values.js
5 verbose stack D node_modules/lodash/object/valuesIn.js
5 verbose stack D node_modules/lodash/package.json
5 verbose stack D node_modules/lodash/string.js
5 verbose stack D node_modules/lodash/string/camelCase.js
5 verbose stack D node_modules/lodash/string/capitalize.js
5 verbose stack D node_modules/lodash/string/deburr.js
5 verbose stack D node_modules/lodash/string/endsWith.js
5 verbose stack D node_modules/lodash/string/escape.js
5 verbose stack D node_modules/lodash/string/escapeRegExp.js
5 verbose stack D node_modules/lodash/string/kebabCase.js
5 verbose stack D node_modules/lodash/string/pad.js
5 verbose stack D node_modules/lodash/string/padLeft.js
5 verbose stack D node_modules/lodash/string/padRight.js
5 verbose stack D node_modules/lodash/string/parseInt.js
5 verbose stack D node_modules/lodash/string/repeat.js
5 verbose stack D node_modules/lodash/string/snakeCase.js
5 verbose stack D node_modules/lodash/string/startCase.js
5 verbose stack D node_modules/lodash/string/startsWith.js
5 verbose stack D node_modules/lodash/string/template.js
5 verbose stack D node_modules/lodash/string/templateSettings.js
5 verbose stack D node_modules/lodash/string/trim.js
5 verbose stack D node_modules/lodash/string/trimLeft.js
5 verbose stack D node_modules/lodash/string/trimRight.js
5 verbose stack D node_modules/lodash/string/trunc.js
5 verbose stack D node_modules/lodash/string/unescape.js
5 verbose stack D node_modules/lodash/string/words.js
5 verbose stack D node_modules/lodash/support.js
5 verbose stack D node_modules/lodash/utility.js
5 verbose stack D node_modules/lodash/utility/attempt.js
5 verbose stack D node_modules/lodash/utility/callback.js
5 verbose stack D node_modules/lodash/utility/constant.js
5 verbose stack D node_modules/lodash/utility/identity.js
5 verbose stack D node_modules/lodash/utility/iteratee.js
5 verbose stack D node_modules/lodash/utility/matches.js
5 verbose stack D node_modules/lodash/utility/matchesProperty.js
5 verbose stack D node_modules/lodash/utility/method.js
5 verbose stack D node_modules/lodash/utility/methodOf.js
5 verbose stack D node_modules/lodash/utility/mixin.js
5 verbose stack D node_modules/lodash/utility/noop.js
5 verbose stack D node_modules/lodash/utility/property.js
5 verbose stack D node_modules/lodash/utility/propertyOf.js
5 verbose stack D node_modules/lodash/utility/range.js
5 verbose stack D node_modules/lodash/utility/times.js
5 verbose stack D node_modules/lodash/utility/uniqueId.js
5 verbose stack D node_modules/mute-stream/LICENSE
5 verbose stack D node_modules/mute-stream/README.md
5 verbose stack D node_modules/mute-stream/mute.js
5 verbose stack D node_modules/mute-stream/package.json
5 verbose stack D node_modules/mute-stream/test/basic.js
5 verbose stack D node_modules/number-is-nan/index.js
5 verbose stack D node_modules/number-is-nan/license
5 verbose stack D node_modules/number-is-nan/package.json
5 verbose stack D node_modules/number-is-nan/readme.md
5 verbose stack D node_modules/once/LICENSE
5 verbose stack D node_modules/once/README.md
5 verbose stack D node_modules/once/once.js
5 verbose stack D node_modules/once/package.json
5 verbose stack D node_modules/once/test/once.js
5 verbose stack D node_modules/onetime/index.js
5 verbose stack D node_modules/onetime/package.json
5 verbose stack D node_modules/onetime/readme.md
5 verbose stack D node_modules/readline2/README.md
5 verbose stack D node_modules/readline2/index.js
5 verbose stack D node_modules/readline2/package.json
5 verbose stack D node_modules/restore-cursor/index.js
5 verbose stack D node_modules/restore-cursor/license
5 verbose stack D node_modules/restore-cursor/package.json
5 verbose stack D node_modules/restore-cursor/readme.md
5 verbose stack D node_modules/run-async/.editorconfig
5 verbose stack D node_modules/run-async/.gitattributes
5 verbose stack D node_modules/run-async/.jshintrc
5 verbose stack D node_modules/run-async/.npmignore
5 verbose stack D node_modules/run-async/.travis.yml
5 verbose stack D node_modules/run-async/LICENSE
5 verbose stack D node_modules/run-async/README.md
5 verbose stack D node_modules/run-async/index.js
5 verbose stack D node_modules/run-async/package.json
5 verbose stack D node_modules/run-async/test.js
5 verbose stack D node_modules/rx-lite/package.json
5 verbose stack D node_modules/rx-lite/readme.md
5 verbose stack D node_modules/rx-lite/rx.lite.js
5 verbose stack D node_modules/rx-lite/rx.lite.map
5 verbose stack D node_modules/rx-lite/rx.lite.min.js
5 verbose stack D node_modules/strip-ansi/index.js
5 verbose stack D node_modules/strip-ansi/license
5 verbose stack D node_modules/strip-ansi/package.json
5 verbose stack D node_modules/strip-ansi/readme.md
5 verbose stack D node_modules/supports-color/index.js
5 verbose stack D node_modules/supports-color/license
5 verbose stack D node_modules/supports-color/package.json
5 verbose stack D node_modules/supports-color/readme.md
5 verbose stack D node_modules/through/.travis.yml
5 verbose stack D node_modules/through/LICENSE.APACHE2
5 verbose stack D node_modules/through/LICENSE.MIT
5 verbose stack D node_modules/through/index.js
5 verbose stack D node_modules/through/package.json
5 verbose stack D node_modules/through/readme.markdown
5 verbose stack D node_modules/through/test/async.js
5 verbose stack D node_modules/through/test/auto-destroy.js
5 verbose stack D node_modules/through/test/buffering.js
5 verbose stack D node_modules/through/test/end.js
5 verbose stack D node_modules/through/test/index.js
5 verbose stack D node_modules/wrappy/LICENSE
5 verbose stack D node_modules/wrappy/README.md
5 verbose stack D node_modules/wrappy/package.json
5 verbose stack D node_modules/wrappy/test/basic.js
5 verbose stack D node_modules/wrappy/wrappy.js
5 verbose stack M package.json
5 verbose stack     at /usr/local/lib/node_modules/npm/lib/version.js:172:21
5 verbose stack     at ChildProcess.exithandler (child_process.js:194:7)
5 verbose stack     at emitTwo (events.js:87:13)
5 verbose stack     at ChildProcess.emit (events.js:172:7)
5 verbose stack     at maybeClose (internal/child_process.js:818:16)
5 verbose stack     at Socket.<anonymous> (internal/child_process.js:319:11)
5 verbose stack     at emitOne (events.js:77:13)
5 verbose stack     at Socket.emit (events.js:169:7)
5 verbose stack     at Pipe._onclose (net.js:469:12)
6 verbose cwd /Users/mohammadfaisal/Learning/tconv/tconv-client
7 error Darwin 15.0.0
8 error argv "/usr/local/bin/node" "/usr/local/bin/npm" "version" "patch"
9 error node v4.2.1
10 error npm  v3.3.12
11 error Git working directory not clean.
11 error M app.js
11 error D node_modules/ansi-escapes/index.js
11 error D node_modules/ansi-escapes/license
11 error D node_modules/ansi-escapes/package.json
11 error D node_modules/ansi-escapes/readme.md
11 error D node_modules/ansi-regex/index.js
11 error D node_modules/ansi-regex/license
11 error D node_modules/ansi-regex/package.json
11 error D node_modules/ansi-regex/readme.md
11 error D node_modules/ansi-styles/index.js
11 error D node_modules/ansi-styles/license
11 error D node_modules/ansi-styles/package.json
11 error D node_modules/ansi-styles/readme.md
11 error D node_modules/chalk/index.js
11 error D node_modules/chalk/license
11 error D node_modules/chalk/package.json
11 error D node_modules/chalk/readme.md
11 error D node_modules/cli-cursor/index.js
11 error D node_modules/cli-cursor/license
11 error D node_modules/cli-cursor/package.json
11 error D node_modules/cli-cursor/readme.md
11 error D node_modules/cli-width/.npmignore
11 error D node_modules/cli-width/LICENSE
11 error D node_modules/cli-width/README.md
11 error D node_modules/cli-width/index.js
11 error D node_modules/cli-width/package.json
11 error D node_modules/cli-width/test/index.js
11 error D node_modules/code-point-at/index.js
11 error D node_modules/code-point-at/license
11 error D node_modules/code-point-at/package.json
11 error D node_modules/code-point-at/readme.md
11 error D node_modules/escape-string-regexp/index.js
11 error D node_modules/escape-string-regexp/license
11 error D node_modules/escape-string-regexp/package.json
11 error D node_modules/escape-string-regexp/readme.md
11 error D node_modules/exit-hook/index.js
11 error D node_modules/exit-hook/package.json
11 error D node_modules/exit-hook/readme.md
11 error D node_modules/figures/index.js
11 error D node_modules/figures/license
11 error D node_modules/figures/package.json
11 error D node_modules/figures/readme.md
11 error D node_modules/has-ansi/index.js
11 error D node_modules/has-ansi/license
11 error D node_modules/has-ansi/package.json
11 error D node_modules/has-ansi/readme.md
11 error D node_modules/inquirer/README.md
11 error D node_modules/inquirer/lib/inquirer.js
11 error D node_modules/inquirer/lib/objects/choice.js
11 error D node_modules/inquirer/lib/objects/choices.js
11 error D node_modules/inquirer/lib/objects/separator.js
11 error D node_modules/inquirer/lib/prompts/base.js
11 error D node_modules/inquirer/lib/prompts/checkbox.js
11 error D node_modules/inquirer/lib/prompts/confirm.js
11 error D node_modules/inquirer/lib/prompts/expand.js
11 error D node_modules/inquirer/lib/prompts/input.js
11 error D node_modules/inquirer/lib/prompts/list.js
11 error D node_modules/inquirer/lib/prompts/password.js
11 error D node_modules/inquirer/lib/prompts/rawlist.js
11 error D node_modules/inquirer/lib/ui/baseUI.js
11 error D node_modules/inquirer/lib/ui/bottom-bar.js
11 error D node_modules/inquirer/lib/ui/prompt.js
11 error D node_modules/inquirer/lib/utils/events.js
11 error D node_modules/inquirer/lib/utils/paginator.js
11 error D node_modules/inquirer/lib/utils/readline.js
11 error D node_modules/inquirer/lib/utils/screen-manager.js
11 error D node_modules/inquirer/lib/utils/utils.js
11 error D node_modules/inquirer/package.json
11 error D node_modules/is-fullwidth-code-point/index.js
11 error D node_modules/is-fullwidth-code-point/license
11 error D node_modules/is-fullwidth-code-point/package.json
11 error D node_modules/is-fullwidth-code-point/readme.md
11 error D node_modules/lodash/LICENSE
11 error D node_modules/lodash/README.md
11 error D node_modules/lodash/array.js
11 error D node_modules/lodash/array/chunk.js
11 error D node_modules/lodash/array/compact.js
11 error D node_modules/lodash/array/difference.js
11 error D node_modules/lodash/array/drop.js
11 error D node_modules/lodash/array/dropRight.js
11 error D node_modules/lodash/array/dropRightWhile.js
11 error D node_modules/lodash/array/dropWhile.js
11 error D node_modules/lodash/array/fill.js
11 error D node_modules/lodash/array/findIndex.js
11 error D node_modules/lodash/array/findLastIndex.js
11 error D node_modules/lodash/array/first.js
11 error D node_modules/lodash/array/flatten.js
11 error D node_modules/lodash/array/flattenDeep.js
11 error D node_modules/lodash/array/head.js
11 error D node_modules/lodash/array/indexOf.js
11 error D node_modules/lodash/array/initial.js
11 error D node_modules/lodash/array/intersection.js
11 error D node_modules/lodash/array/last.js
11 error D node_modules/lodash/array/lastIndexOf.js
11 error D node_modules/lodash/array/object.js
11 error D node_modules/lodash/array/pull.js
11 error D node_modules/lodash/array/pullAt.js
11 error D node_modules/lodash/array/remove.js
11 error D node_modules/lodash/array/rest.js
11 error D node_modules/lodash/array/slice.js
11 error D node_modules/lodash/array/sortedIndex.js
11 error D node_modules/lodash/array/sortedLastIndex.js
11 error D node_modules/lodash/array/tail.js
11 error D node_modules/lodash/array/take.js
11 error D node_modules/lodash/array/takeRight.js
11 error D node_modules/lodash/array/takeRightWhile.js
11 error D node_modules/lodash/array/takeWhile.js
11 error D node_modules/lodash/array/union.js
11 error D node_modules/lodash/array/uniq.js
11 error D node_modules/lodash/array/unique.js
11 error D node_modules/lodash/array/unzip.js
11 error D node_modules/lodash/array/unzipWith.js
11 error D node_modules/lodash/array/without.js
11 error D node_modules/lodash/array/xor.js
11 error D node_modules/lodash/array/zip.js
11 error D node_modules/lodash/array/zipObject.js
11 error D node_modules/lodash/array/zipWith.js
11 error D node_modules/lodash/chain.js
11 error D node_modules/lodash/chain/chain.js
11 error D node_modules/lodash/chain/commit.js
11 error D node_modules/lodash/chain/concat.js
11 error D node_modules/lodash/chain/lodash.js
11 error D node_modules/lodash/chain/plant.js
11 error D node_modules/lodash/chain/reverse.js
11 error D node_modules/lodash/chain/run.js
11 error D node_modules/lodash/chain/tap.js
11 error D node_modules/lodash/chain/thru.js
11 error D node_modules/lodash/chain/toJSON.js
11 error D node_modules/lodash/chain/toString.js
11 error D node_modules/lodash/chain/value.js
11 error D node_modules/lodash/chain/valueOf.js
11 error D node_modules/lodash/chain/wrapperChain.js
11 error D node_modules/lodash/chain/wrapperCommit.js
11 error D node_modules/lodash/chain/wrapperConcat.js
11 error D node_modules/lodash/chain/wrapperPlant.js
11 error D node_modules/lodash/chain/wrapperReverse.js
11 error D node_modules/lodash/chain/wrapperToString.js
11 error D node_modules/lodash/chain/wrapperValue.js
11 error D node_modules/lodash/collection.js
11 error D node_modules/lodash/collection/all.js
11 error D node_modules/lodash/collection/any.js
11 error D node_modules/lodash/collection/at.js
11 error D node_modules/lodash/collection/collect.js
11 error D node_modules/lodash/collection/contains.js
11 error D node_modules/lodash/collection/countBy.js
11 error D node_modules/lodash/collection/detect.js
11 error D node_modules/lodash/collection/each.js
11 error D node_modules/lodash/collection/eachRight.js
11 error D node_modules/lodash/collection/every.js
11 error D node_modules/lodash/collection/filter.js
11 error D node_modules/lodash/collection/find.js
11 error D node_modules/lodash/collection/findLast.js
11 error D node_modules/lodash/collection/findWhere.js
11 error D node_modules/lodash/collection/foldl.js
11 error D node_modules/lodash/collection/foldr.js
11 error D node_modules/lodash/collection/forEach.js
11 error D node_modules/lodash/collection/forEachRight.js
11 error D node_modules/lodash/collection/groupBy.js
11 error D node_modules/lodash/collection/include.js
11 error D node_modules/lodash/collection/includes.js
11 error D node_modules/lodash/collection/indexBy.js
11 error D node_modules/lodash/collection/inject.js
11 error D node_modules/lodash/collection/invoke.js
11 error D node_modules/lodash/collection/map.js
11 error D node_modules/lodash/collection/max.js
11 error D node_modules/lodash/collection/min.js
11 error D node_modules/lodash/collection/partition.js
11 error D node_modules/lodash/collection/pluck.js
11 error D node_modules/lodash/collection/reduce.js
11 error D node_modules/lodash/collection/reduceRight.js
11 error D node_modules/lodash/collection/reject.js
11 error D node_modules/lodash/collection/sample.js
11 error D node_modules/lodash/collection/select.js
11 error D node_modules/lodash/collection/shuffle.js
11 error D node_modules/lodash/collection/size.js
11 error D node_modules/lodash/collection/some.js
11 error D node_modules/lodash/collection/sortBy.js
11 error D node_modules/lodash/collection/sortByAll.js
11 error D node_modules/lodash/collection/sortByOrder.js
11 error D node_modules/lodash/collection/sum.js
11 error D node_modules/lodash/collection/where.js
11 error D node_modules/lodash/date.js
11 error D node_modules/lodash/date/now.js
11 error D node_modules/lodash/function.js
11 error D node_modules/lodash/function/after.js
11 error D node_modules/lodash/function/ary.js
11 error D node_modules/lodash/function/backflow.js
11 error D node_modules/lodash/function/before.js
11 error D node_modules/lodash/function/bind.js
11 error D node_modules/lodash/function/bindAll.js
11 error D node_modules/lodash/function/bindKey.js
11 error D node_modules/lodash/function/compose.js
11 error D node_modules/lodash/function/curry.js
11 error D node_modules/lodash/function/curryRight.js
11 error D node_modules/lodash/function/debounce.js
11 error D node_modules/lodash/function/defer.js
11 error D node_modules/lodash/function/delay.js
11 error D node_modules/lodash/function/flow.js
11 error D node_modules/lodash/function/flowRight.js
11 error D node_modules/lodash/function/memoize.js
11 error D node_modules/lodash/function/modArgs.js
11 error D node_modules/lodash/function/negate.js
11 error D node_modules/lodash/function/once.js
11 error D node_modules/lodash/function/partial.js
11 error D node_modules/lodash/function/partialRight.js
11 error D node_modules/lodash/function/rearg.js
11 error D node_modules/lodash/function/restParam.js
11 error D node_modules/lodash/function/spread.js
11 error D node_modules/lodash/function/throttle.js
11 error D node_modules/lodash/function/wrap.js
11 error D node_modules/lodash/index.js
11 error D node_modules/lodash/internal/LazyWrapper.js
11 error D node_modules/lodash/internal/LodashWrapper.js
11 error D node_modules/lodash/internal/MapCache.js
11 error D node_modules/lodash/internal/SetCache.js
11 error D node_modules/lodash/internal/arrayConcat.js
11 error D node_modules/lodash/internal/arrayCopy.js
11 error D node_modules/lodash/internal/arrayEach.js
11 error D node_modules/lodash/internal/arrayEachRight.js
11 error D node_modules/lodash/internal/arrayEvery.js
11 error D node_modules/lodash/internal/arrayExtremum.js
11 error D node_modules/lodash/internal/arrayFilter.js
11 error D node_modules/lodash/internal/arrayMap.js
11 error D node_modules/lodash/internal/arrayPush.js
11 error D node_modules/lodash/internal/arrayReduce.js
11 error D node_modules/lodash/internal/arrayReduceRight.js
11 error D node_modules/lodash/internal/arraySome.js
11 error D node_modules/lodash/internal/arraySum.js
11 error D node_modules/lodash/internal/assignDefaults.js
11 error D node_modules/lodash/internal/assignOwnDefaults.js
11 error D node_modules/lodash/internal/assignWith.js
11 error D node_modules/lodash/internal/baseAssign.js
11 error D node_modules/lodash/internal/baseAt.js
11 error D node_modules/lodash/internal/baseCallback.js
11 error D node_modules/lodash/internal/baseClone.js
11 error D node_modules/lodash/internal/baseCompareAscending.js
11 error D node_modules/lodash/internal/baseCopy.js
11 error D node_modules/lodash/internal/baseCreate.js
11 error D node_modules/lodash/internal/baseDelay.js
11 error D node_modules/lodash/internal/baseDifference.js
11 error D node_modules/lodash/internal/baseEach.js
11 error D node_modules/lodash/internal/baseEachRight.js
11 error D node_modules/lodash/internal/baseEvery.js
11 error D node_modules/lodash/internal/baseExtremum.js
11 error D node_modules/lodash/internal/baseFill.js
11 error D node_modules/lodash/internal/baseFilter.js
11 error D node_modules/lodash/internal/baseFind.js
11 error D node_modules/lodash/internal/baseFindIndex.js
11 error D node_modules/lodash/internal/baseFlatten.js
11 error D node_modules/lodash/internal/baseFor.js
11 error D node_modules/lodash/internal/baseForIn.js
11 error D node_modules/lodash/internal/baseForOwn.js
11 error D node_modules/lodash/internal/baseForOwnRight.js
11 error D node_modules/lodash/internal/baseForRight.js
11 error D node_modules/lodash/internal/baseFunctions.js
11 error D node_modules/lodash/internal/baseGet.js
11 error D node_modules/lodash/internal/baseIndexOf.js
11 error D node_modules/lodash/internal/baseIsEqual.js
11 error D node_modules/lodash/internal/baseIsEqualDeep.js
11 error D node_modules/lodash/internal/baseIsFunction.js
11 error D node_modules/lodash/internal/baseIsMatch.js
11 error D node_modules/lodash/internal/baseLodash.js
11 error D node_modules/lodash/internal/baseMap.js
11 error D node_modules/lodash/internal/baseMatches.js
11 error D node_modules/lodash/internal/baseMatchesProperty.js
11 error D node_modules/lodash/internal/baseMerge.js
11 error D node_modules/lodash/internal/baseMergeDeep.js
11 error D node_modules/lodash/internal/baseProperty.js
11 error D node_modules/lodash/internal/basePropertyDeep.js
11 error D node_modules/lodash/internal/basePullAt.js
11 error D node_modules/lodash/internal/baseRandom.js
11 error D node_modules/lodash/internal/baseReduce.js
11 error D node_modules/lodash/internal/baseSetData.js
11 error D node_modules/lodash/internal/baseSlice.js
11 error D node_modules/lodash/internal/baseSome.js
11 error D node_modules/lodash/internal/baseSortBy.js
11 error D node_modules/lodash/internal/baseSortByOrder.js
11 error D node_modules/lodash/internal/baseSum.js
11 error D node_modules/lodash/internal/baseToString.js
11 error D node_modules/lodash/internal/baseUniq.js
11 error D node_modules/lodash/internal/baseValues.js
11 error D node_modules/lodash/internal/baseWhile.js
11 error D node_modules/lodash/internal/baseWrapperValue.js
11 error D node_modules/lodash/internal/binaryIndex.js
11 error D node_modules/lodash/internal/binaryIndexBy.js
11 error D node_modules/lodash/internal/bindCallback.js
11 error D node_modules/lodash/internal/bufferClone.js
11 error D node_modules/lodash/internal/cacheIndexOf.js
11 error D node_modules/lodash/internal/cachePush.js
11 error D node_modules/lodash/internal/charsLeftIndex.js
11 error D node_modules/lodash/internal/charsRightIndex.js
11 error D node_modules/lodash/internal/compareAscending.js
11 error D node_modules/lodash/internal/compareMultiple.js
11 error D node_modules/lodash/internal/composeArgs.js
11 error D node_modules/lodash/internal/composeArgsRight.js
11 error D node_modules/lodash/internal/createAggregator.js
11 error D node_modules/lodash/internal/createAssigner.js
11 error D node_modules/lodash/internal/createBaseEach.js
11 error D node_modules/lodash/internal/createBaseFor.js
11 error D node_modules/lodash/internal/createBindWrapper.js
11 error D node_modules/lodash/internal/createCache.js
11 error D node_modules/lodash/internal/createCompounder.js
11 error D node_modules/lodash/internal/createCtorWrapper.js
11 error D node_modules/lodash/internal/createCurry.js
11 error D node_modules/lodash/internal/createDefaults.js
11 error D node_modules/lodash/internal/createExtremum.js
11 error D node_modules/lodash/internal/createFind.js
11 error D node_modules/lodash/internal/createFindIndex.js
11 error D node_modules/lodash/internal/createFindKey.js
11 error D node_modules/lodash/internal/createFlow.js
11 error D node_modules/lodash/internal/createForEach.js
11 error D node_modules/lodash/internal/createForIn.js
11 error D node_modules/lodash/internal/createForOwn.js
11 error D node_modules/lodash/internal/createHybridWrapper.js
11 error D node_modules/lodash/internal/createObjectMapper.js
11 error D node_modules/lodash/internal/createPadDir.js
11 error D node_modules/lodash/internal/createPadding.js
11 error D node_modules/lodash/internal/createPartial.js
11 error D node_modules/lodash/internal/createPartialWrapper.js
11 error D node_modules/lodash/internal/createReduce.js
11 error D node_modules/lodash/internal/createRound.js
11 error D node_modules/lodash/internal/createSortedIndex.js
11 error D node_modules/lodash/internal/createWrapper.js
11 error D node_modules/lodash/internal/deburrLetter.js
11 error D node_modules/lodash/internal/equalArrays.js
11 error D node_modules/lodash/internal/equalByTag.js
11 error D node_modules/lodash/internal/equalObjects.js
11 error D node_modules/lodash/internal/escapeHtmlChar.js
11 error D node_modules/lodash/internal/escapeRegExpChar.js
11 error D node_modules/lodash/internal/escapeStringChar.js
11 error D node_modules/lodash/internal/getData.js
11 error D node_modules/lodash/internal/getFuncName.js
11 error D node_modules/lodash/internal/getLength.js
11 error D node_modules/lodash/internal/getMatchData.js
11 error D node_modules/lodash/internal/getNative.js
11 error D node_modules/lodash/internal/getView.js
11 error D node_modules/lodash/internal/indexOfNaN.js
11 error D node_modules/lodash/internal/initCloneArray.js
11 error D node_modules/lodash/internal/initCloneByTag.js
11 error D node_modules/lodash/internal/initCloneObject.js
11 error D node_modules/lodash/internal/invokePath.js
11 error D node_modules/lodash/internal/isArrayLike.js
11 error D node_modules/lodash/internal/isIndex.js
11 error D node_modules/lodash/internal/isIterateeCall.js
11 error D node_modules/lodash/internal/isKey.js
11 error D node_modules/lodash/internal/isLaziable.js
11 error D node_modules/lodash/internal/isLength.js
11 error D node_modules/lodash/internal/isObjectLike.js
11 error D node_modules/lodash/internal/isSpace.js
11 error D node_modules/lodash/internal/isStrictComparable.js
11 error D node_modules/lodash/internal/lazyClone.js
11 error D node_modules/lodash/internal/lazyReverse.js
11 error D node_modules/lodash/internal/lazyValue.js
11 error D node_modules/lodash/internal/mapDelete.js
11 error D node_modules/lodash/internal/mapGet.js
11 error D node_modules/lodash/internal/mapHas.js
11 error D node_modules/lodash/internal/mapSet.js
11 error D node_modules/lodash/internal/mergeData.js
11 error D node_modules/lodash/internal/mergeDefaults.js
11 error D node_modules/lodash/internal/metaMap.js
11 error D node_modules/lodash/internal/pickByArray.js
11 error D node_modules/lodash/internal/pickByCallback.js
11 error D node_modules/lodash/internal/reEscape.js
11 error D node_modules/lodash/internal/reEvaluate.js
11 error D node_modules/lodash/internal/reInterpolate.js
11 error D node_modules/lodash/internal/realNames.js
11 error D node_modules/lodash/internal/reorder.js
11 error D node_modules/lodash/internal/replaceHolders.js
11 error D node_modules/lodash/internal/setData.js
11 error D node_modules/lodash/internal/shimKeys.js
11 error D node_modules/lodash/internal/sortedUniq.js
11 error D node_modules/lodash/internal/toIterable.js
11 error D node_modules/lodash/internal/toObject.js
11 error D node_modules/lodash/internal/toPath.js
11 error D node_modules/lodash/internal/trimmedLeftIndex.js
11 error D node_modules/lodash/internal/trimmedRightIndex.js
11 error D node_modules/lodash/internal/unescapeHtmlChar.js
11 error D node_modules/lodash/internal/wrapperClone.js
11 error D node_modules/lodash/lang.js
11 error D node_modules/lodash/lang/clone.js
11 error D node_modules/lodash/lang/cloneDeep.js
11 error D node_modules/lodash/lang/eq.js
11 error D node_modules/lodash/lang/gt.js
11 error D node_modules/lodash/lang/gte.js
11 error D node_modules/lodash/lang/isArguments.js
11 error D node_modules/lodash/lang/isArray.js
11 error D node_modules/lodash/lang/isBoolean.js
11 error D node_modules/lodash/lang/isDate.js
11 error D node_modules/lodash/lang/isElement.js
11 error D node_modules/lodash/lang/isEmpty.js
11 error D node_modules/lodash/lang/isEqual.js
11 error D node_modules/lodash/lang/isError.js
11 error D node_modules/lodash/lang/isFinite.js
11 error D node_modules/lodash/lang/isFunction.js
11 error D node_modules/lodash/lang/isMatch.js
11 error D node_modules/lodash/lang/isNaN.js
11 error D node_modules/lodash/lang/isNative.js
11 error D node_modules/lodash/lang/isNull.js
11 error D node_modules/lodash/lang/isNumber.js
11 error D node_modules/lodash/lang/isObject.js
11 error D node_modules/lodash/lang/isPlainObject.js
11 error D node_modules/lodash/lang/isRegExp.js
11 error D node_modules/lodash/lang/isString.js
11 error D node_modules/lodash/lang/isTypedArray.js
11 error D node_modules/lodash/lang/isUndefined.js
11 error D node_modules/lodash/lang/lt.js
11 error D node_modules/lodash/lang/lte.js
11 error D node_modules/lodash/lang/toArray.js
11 error D node_modules/lodash/lang/toPlainObject.js
11 error D node_modules/lodash/math.js
11 error D node_modules/lodash/math/add.js
11 error D node_modules/lodash/math/ceil.js
11 error D node_modules/lodash/math/floor.js
11 error D node_modules/lodash/math/max.js
11 error D node_modules/lodash/math/min.js
11 error D node_modules/lodash/math/round.js
11 error D node_modules/lodash/math/sum.js
11 error D node_modules/lodash/number.js
11 error D node_modules/lodash/number/inRange.js
11 error D node_modules/lodash/number/random.js
11 error D node_modules/lodash/object.js
11 error D node_modules/lodash/object/assign.js
11 error D node_modules/lodash/object/create.js
11 error D node_modules/lodash/object/defaults.js
11 error D node_modules/lodash/object/defaultsDeep.js
11 error D node_modules/lodash/object/extend.js
11 error D node_modules/lodash/object/findKey.js
11 error D node_modules/lodash/object/findLastKey.js
11 error D node_modules/lodash/object/forIn.js
11 error D node_modules/lodash/object/forInRight.js
11 error D node_modules/lodash/object/forOwn.js
11 error D node_modules/lodash/object/forOwnRight.js
11 error D node_modules/lodash/object/functions.js
11 error D node_modules/lodash/object/get.js
11 error D node_modules/lodash/object/has.js
11 error D node_modules/lodash/object/invert.js
11 error D node_modules/lodash/object/keys.js
11 error D node_modules/lodash/object/keysIn.js
11 error D node_modules/lodash/object/mapKeys.js
11 error D node_modules/lodash/object/mapValues.js
11 error D node_modules/lodash/object/merge.js
11 error D node_modules/lodash/object/methods.js
11 error D node_modules/lodash/object/omit.js
11 error D node_modules/lodash/object/pairs.js
11 error D node_modules/lodash/object/pick.js
11 error D node_modules/lodash/object/result.js
11 error D node_modules/lodash/object/set.js
11 error D node_modules/lodash/object/transform.js
11 error D node_modules/lodash/object/values.js
11 error D node_modules/lodash/object/valuesIn.js
11 error D node_modules/lodash/package.json
11 error D node_modules/lodash/string.js
11 error D node_modules/lodash/string/camelCase.js
11 error D node_modules/lodash/string/capitalize.js
11 error D node_modules/lodash/string/deburr.js
11 error D node_modules/lodash/string/endsWith.js
11 error D node_modules/lodash/string/escape.js
11 error D node_modules/lodash/string/escapeRegExp.js
11 error D node_modules/lodash/string/kebabCase.js
11 error D node_modules/lodash/string/pad.js
11 error D node_modules/lodash/string/padLeft.js
11 error D node_modules/lodash/string/padRight.js
11 error D node_modules/lodash/string/parseInt.js
11 error D node_modules/lodash/string/repeat.js
11 error D node_modules/lodash/string/snakeCase.js
11 error D node_modules/lodash/string/startCase.js
11 error D node_modules/lodash/string/startsWith.js
11 error D node_modules/lodash/string/template.js
11 error D node_modules/lodash/string/templateSettings.js
11 error D node_modules/lodash/string/trim.js
11 error D node_modules/lodash/string/trimLeft.js
11 error D node_modules/lodash/string/trimRight.js
11 error D node_modules/lodash/string/trunc.js
11 error D node_modules/lodash/string/unescape.js
11 error D node_modules/lodash/string/words.js
11 error D node_modules/lodash/support.js
11 error D node_modules/lodash/utility.js
11 error D node_modules/lodash/utility/attempt.js
11 error D node_modules/lodash/utility/callback.js
11 error D node_modules/lodash/utility/constant.js
11 error D node_modules/lodash/utility/identity.js
11 error D node_modules/lodash/utility/iteratee.js
11 error D node_modules/lodash/utility/matches.js
11 error D node_modules/lodash/utility/matchesProperty.js
11 error D node_modules/lodash/utility/method.js
11 error D node_modules/lodash/utility/methodOf.js
11 error D node_modules/lodash/utility/mixin.js
11 error D node_modules/lodash/utility/noop.js
11 error D node_modules/lodash/utility/property.js
11 error D node_modules/lodash/utility/propertyOf.js
11 error D node_modules/lodash/utility/range.js
11 error D node_modules/lodash/utility/times.js
11 error D node_modules/lodash/utility/uniqueId.js
11 error D node_modules/mute-stream/LICENSE
11 error D node_modules/mute-stream/README.md
11 error D node_modules/mute-stream/mute.js
11 error D node_modules/mute-stream/package.json
11 error D node_modules/mute-stream/test/basic.js
11 error D node_modules/number-is-nan/index.js
11 error D node_modules/number-is-nan/license
11 error D node_modules/number-is-nan/package.json
11 error D node_modules/number-is-nan/readme.md
11 error D node_modules/once/LICENSE
11 error D node_modules/once/README.md
11 error D node_modules/once/once.js
11 error D node_modules/once/package.json
11 error D node_modules/once/test/once.js
11 error D node_modules/onetime/index.js
11 error D node_modules/onetime/package.json
11 error D node_modules/onetime/readme.md
11 error D node_modules/readline2/README.md
11 error D node_modules/readline2/index.js
11 error D node_modules/readline2/package.json
11 error D node_modules/restore-cursor/index.js
11 error D node_modules/restore-cursor/license
11 error D node_modules/restore-cursor/package.json
11 error D node_modules/restore-cursor/readme.md
11 error D node_modules/run-async/.editorconfig
11 error D node_modules/run-async/.gitattributes
11 error D node_modules/run-async/.jshintrc
11 error D node_modules/run-async/.npmignore
11 error D node_modules/run-async/.travis.yml
11 error D node_modules/run-async/LICENSE
11 error D node_modules/run-async/README.md
11 error D node_modules/run-async/index.js
11 error D node_modules/run-async/package.json
11 error D node_modules/run-async/test.js
11 error D node_modules/rx-lite/package.json
11 error D node_modules/rx-lite/readme.md
11 error D node_modules/rx-lite/rx.lite.js
11 error D node_modules/rx-lite/rx.lite.map
11 error D node_modules/rx-lite/rx.lite.min.js
11 error D node_modules/strip-ansi/index.js
11 error D node_modules/strip-ansi/license
11 error D node_modules/strip-ansi/package.json
11 error D node_modules/strip-ansi/readme.md
11 error D node_modules/supports-color/index.js
11 error D node_modules/supports-color/license
11 error D node_modules/supports-color/package.json
11 error D node_modules/supports-color/readme.md
11 error D node_modules/through/.travis.yml
11 error D node_modules/through/LICENSE.APACHE2
11 error D node_modules/through/LICENSE.MIT
11 error D node_modules/through/index.js
11 error D node_modules/through/package.json
11 error D node_modules/through/readme.markdown
11 error D node_modules/through/test/async.js
11 error D node_modules/through/test/auto-destroy.js
11 error D node_modules/through/test/buffering.js
11 error D node_modules/through/test/end.js
11 error D node_modules/through/test/index.js
11 error D node_modules/wrappy/LICENSE
11 error D node_modules/wrappy/README.md
11 error D node_modules/wrappy/package.json
11 error D node_modules/wrappy/test/basic.js
11 error D node_modules/wrappy/wrappy.js
11 error M package.json
12 error If you need help, you may report this error at:
12 error     <https://github.com/npm/npm/issues>
13 verbose exit [ 1, true ]
